composeApp/build/intermediates/manifest_merge_blame_file/debug/processDebugMainManifest/manifest-merger-blame-debug-report.txt
1<?xml version="1.0" encoding="utf-8"?>
2<manifest xmlns:android="http://schemas.android.com/apk/res/android"
3    package="org.gogood"
4    android:versionCode="1"
5    android:versionName="1.0" >
6
7    <uses-sdk
8        android:minSdkVersion="24"
9        android:targetSdkVersion="34" />
10
11    <uses-feature
11-->src/androidMain/AndroidManifest.xml:4:5-6:36
12        android:name="android.hardware.telephony"
12-->src/androidMain/AndroidManifest.xml:5:9-50
13        android:required="false" />
13-->src/androidMain/AndroidManifest.xml:6:9-33
14
15    <uses-permission android:name="android.permission.INTERNET" />
15-->src/androidMain/AndroidManifest.xml:8:5-67
15-->src/androidMain/AndroidManifest.xml:8:22-64
16    <uses-permission android:name="android.permission.ACCESS_NETWORK_STATE" />
16-->src/androidMain/AndroidManifest.xml:9:5-79
16-->src/androidMain/AndroidManifest.xml:9:22-76
17    <uses-permission android:name="android.permission.CALL_PHONE" />
17-->src/androidMain/AndroidManifest.xml:10:5-69
17-->src/androidMain/AndroidManifest.xml:10:22-66
18
19    <queries>
19-->src/androidMain/AndroidManifest.xml:12:5-25:15
20        <intent>
20-->src/androidMain/AndroidManifest.xml:13:9-15:18
21            <action android:name="android.intent.action.DIAL" />
21-->src/androidMain/AndroidManifest.xml:14:13-65
21-->src/androidMain/AndroidManifest.xml:14:21-62
22        </intent>
23        <intent>
23-->src/androidMain/AndroidManifest.xml:17:9-20:18
24            <action android:name="android.intent.action.VIEW" />
24-->src/androidMain/AndroidManifest.xml:18:13-65
24-->src/androidMain/AndroidManifest.xml:18:21-62
25
26            <data android:mimeType="text/html" />
26-->src/androidMain/AndroidManifest.xml:19:13-50
26-->src/androidMain/AndroidManifest.xml:19:19-47
27        </intent>
28        <intent>
28-->src/androidMain/AndroidManifest.xml:22:9-24:18
29            <action android:name="android.intent.action.VIEW" />
29-->src/androidMain/AndroidManifest.xml:18:13-65
29-->src/androidMain/AndroidManifest.xml:18:21-62
30        </intent>
31    </queries>
32
33    <permission
33-->[androidx.core:core:1.13.1] AndroidManifest.xml:22:5-24:47
34        android:name="org.gogood.DYNAMIC_RECEIVER_NOT_EXPORTED_PERMISSION"
34-->[androidx.core:core:1.13.1] AndroidManifest.xml:23:9-81
35        android:protectionLevel="signature" />
35-->[androidx.core:core:1.13.1] AndroidManifest.xml:24:9-44
36
37    <uses-permission android:name="org.gogood.DYNAMIC_RECEIVER_NOT_EXPORTED_PERMISSION" />
37-->[androidx.core:core:1.13.1] AndroidManifest.xml:26:5-97
37-->[androidx.core:core:1.13.1] AndroidManifest.xml:26:22-94
38
39    <application
39-->src/androidMain/AndroidManifest.xml:27:5-45:19
40        android:allowBackup="true"
40-->src/androidMain/AndroidManifest.xml:28:9-35
41        android:appComponentFactory="androidx.core.app.CoreComponentFactory"
41-->[androidx.core:core:1.13.1] AndroidManifest.xml:28:18-86
42        android:debuggable="true"
43        android:extractNativeLibs="false"
44        android:icon="@mipmap/ic_launcher"
44-->src/androidMain/AndroidManifest.xml:29:9-43
45        android:label="@string/app_name"
45-->src/androidMain/AndroidManifest.xml:30:9-41
46        android:networkSecurityConfig="@xml/network_security_config"
46-->src/androidMain/AndroidManifest.xml:31:9-69
47        android:roundIcon="@mipmap/ic_launcher_round"
47-->src/androidMain/AndroidManifest.xml:32:9-54
48        android:supportsRtl="true"
48-->src/androidMain/AndroidManifest.xml:33:9-35
49        android:testOnly="true"
50        android:theme="@android:style/Theme.Material.Light.NoActionBar" >
50-->src/androidMain/AndroidManifest.xml:34:9-72
51        <activity
51-->src/androidMain/AndroidManifest.xml:35:9-44:20
52            android:name="org.gogood.MainActivity"
52-->src/androidMain/AndroidManifest.xml:36:13-41
53            android:configChanges="orientation|screenSize|screenLayout|keyboardHidden|mnc|colorMode|density|fontScale|fontWeightAdjustment|keyboard|layoutDirection|locale|mcc|navigation|smallestScreenSize|touchscreen|uiMode"
53-->src/androidMain/AndroidManifest.xml:37:13-225
54            android:exported="true" >
54-->src/androidMain/AndroidManifest.xml:38:13-36
55            <intent-filter>
55-->src/androidMain/AndroidManifest.xml:39:13-43:29
56                <action android:name="android.intent.action.MAIN" />
56-->src/androidMain/AndroidManifest.xml:40:17-69
56-->src/androidMain/AndroidManifest.xml:40:25-66
57
58                <category android:name="android.intent.category.LAUNCHER" />
58-->src/androidMain/AndroidManifest.xml:42:17-77
58-->src/androidMain/AndroidManifest.xml:42:27-74
59            </intent-filter>
60        </activity>
61
62        <provider
62-->[org.jetbrains.compose.components:components-resources-android:1.7.0-alpha03] AndroidManifest.xml:8:9-13:20
63            android:name="org.jetbrains.compose.resources.AndroidContextProvider"
63-->[org.jetbrains.compose.components:components-resources-android:1.7.0-alpha03] AndroidManifest.xml:9:13-82
64            android:authorities="org.gogood.resources.AndroidContextProvider"
64-->[org.jetbrains.compose.components:components-resources-android:1.7.0-alpha03] AndroidManifest.xml:10:13-84
65            android:enabled="true"
65-->[org.jetbrains.compose.components:components-resources-android:1.7.0-alpha03] AndroidManifest.xml:11:13-35
66            android:exported="false" >
66-->[org.jetbrains.compose.components:components-resources-android:1.7.0-alpha03] AndroidManifest.xml:12:13-37
67        </provider>
68
69        <activity
69-->[androidx.compose.ui:ui-tooling-android:1.7.0-beta06] AndroidManifest.xml:23:9-25:39
70            android:name="androidx.compose.ui.tooling.PreviewActivity"
70-->[androidx.compose.ui:ui-tooling-android:1.7.0-beta06] AndroidManifest.xml:24:13-71
71            android:exported="true" />
71-->[androidx.compose.ui:ui-tooling-android:1.7.0-beta06] AndroidManifest.xml:25:13-36
72
73        <provider
73-->[androidx.emoji2:emoji2:1.4.0] AndroidManifest.xml:24:9-32:20
74            android:name="androidx.startup.InitializationProvider"
74-->[androidx.emoji2:emoji2:1.4.0] AndroidManifest.xml:25:13-67
75            android:authorities="org.gogood.androidx-startup"
75-->[androidx.emoji2:emoji2:1.4.0] AndroidManifest.xml:26:13-68
76            android:exported="false" >
76-->[androidx.emoji2:emoji2:1.4.0] AndroidManifest.xml:27:13-37
77            <meta-data
77-->[androidx.emoji2:emoji2:1.4.0] AndroidManifest.xml:29:13-31:52
78                android:name="androidx.emoji2.text.EmojiCompatInitializer"
78-->[androidx.emoji2:emoji2:1.4.0] AndroidManifest.xml:30:17-75
79                android:value="androidx.startup" />
79-->[androidx.emoji2:emoji2:1.4.0] AndroidManifest.xml:31:17-49
80            <meta-data
80-->[androidx.lifecycle:lifecycle-process:2.8.4] AndroidManifest.xml:29:13-31:52
81                android:name="androidx.lifecycle.ProcessLifecycleInitializer"
81-->[androidx.lifecycle:lifecycle-process:2.8.4] AndroidManifest.xml:30:17-78
82                android:value="androidx.startup" />
82-->[androidx.lifecycle:lifecycle-process:2.8.4] AndroidManifest.xml:31:17-49
83            <meta-data
83-->[androidx.profileinstaller:profileinstaller:1.3.1] AndroidManifest.xml:29:13-31:52
84                android:name="androidx.profileinstaller.ProfileInstallerInitializer"
84-->[androidx.profileinstaller:profileinstaller:1.3.1] AndroidManifest.xml:30:17-85
85                android:value="androidx.startup" />
85-->[androidx.profileinstaller:profileinstaller:1.3.1] AndroidManifest.xml:31:17-49
86        </provider>
87
88        <receiver
88-->[androidx.profileinstaller:profileinstaller:1.3.1] AndroidManifest.xml:34:9-52:20
89            android:name="androidx.profileinstaller.ProfileInstallReceiver"
89-->[androidx.profileinstaller:profileinstaller:1.3.1] AndroidManifest.xml:35:13-76
90            android:directBootAware="false"
90-->[androidx.profileinstaller:profileinstaller:1.3.1] AndroidManifest.xml:36:13-44
91            android:enabled="true"
91-->[androidx.profileinstaller:profileinstaller:1.3.1] AndroidManifest.xml:37:13-35
92            android:exported="true"
92-->[androidx.profileinstaller:profileinstaller:1.3.1] AndroidManifest.xml:38:13-36
93            android:permission="android.permission.DUMP" >
93-->[androidx.profileinstaller:profileinstaller:1.3.1] AndroidManifest.xml:39:13-57
94            <intent-filter>
94-->[androidx.profileinstaller:profileinstaller:1.3.1] AndroidManifest.xml:40:13-42:29
95                <action android:name="androidx.profileinstaller.action.INSTALL_PROFILE" />
95-->[androidx.profileinstaller:profileinstaller:1.3.1] AndroidManifest.xml:41:17-91
95-->[androidx.profileinstaller:profileinstaller:1.3.1] AndroidManifest.xml:41:25-88
96            </intent-filter>
97            <intent-filter>
97-->[androidx.profileinstaller:profileinstaller:1.3.1] AndroidManifest.xml:43:13-45:29
98                <action android:name="androidx.profileinstaller.action.SKIP_FILE" />
98-->[androidx.profileinstaller:profileinstaller:1.3.1] AndroidManifest.xml:44:17-85
98-->[androidx.profileinstaller:profileinstaller:1.3.1] AndroidManifest.xml:44:25-82
99            </intent-filter>
100            <intent-filter>
100-->[androidx.profileinstaller:profileinstaller:1.3.1] AndroidManifest.xml:46:13-48:29
101                <action android:name="androidx.profileinstaller.action.SAVE_PROFILE" />
101-->[androidx.profileinstaller:profileinstaller:1.3.1] AndroidManifest.xml:47:17-88
101-->[androidx.profileinstaller:profileinstaller:1.3.1] AndroidManifest.xml:47:25-85
102            </intent-filter>
103            <intent-filter>
103-->[androidx.profileinstaller:profileinstaller:1.3.1] AndroidManifest.xml:49:13-51:29
104                <action android:name="androidx.profileinstaller.action.BENCHMARK_OPERATION" />
104-->[androidx.profileinstaller:profileinstaller:1.3.1] AndroidManifest.xml:50:17-95
104-->[androidx.profileinstaller:profileinstaller:1.3.1] AndroidManifest.xml:50:25-92
105            </intent-filter>
106        </receiver>
107    </application>
108
109</manifest>